<?xml version="1.0" encoding="UTF-8"?>
<con:testCase id="4fcea521-15f1-47bb-b9b7-1c3e265c4106" discardOkResults="false" failOnError="true" failTestCaseOnErrors="true" keepSession="false" name="TEST AR Invoices" searchProperties="true" timeout="0" xmlns:con="http://eviware.com/soapui/config">
  <con:settings>
    <con:setting id="7568ea3e-c16e-45ed-a227-e8e6488c0d6efileName">TEST-AR-Invoices</con:setting>
    <con:setting id="3e79f310-4233-4efe-8082-78bbc13493c9fileName">TEST-AR-Invoices</con:setting>
    <con:setting id="4fcea521-15f1-47bb-b9b7-1c3e265c4106fileName">TEST-AR-Invoices</con:setting>
  </con:settings>
  <con:testStep type="restrequest" name="Run Describe" id="22c3d553-3a2f-4654-881a-2992fc91ca4a">
    <con:settings/>
    <con:config service="Accounts Receivable APIs" resourcePath="/ar-rest-api/rest/1/describe" methodName="Describe Application" xsi:type="con:RestRequestStep" xmlns:xsi="http://www.w3.org/2001/XMLSchema-instance">
      <con:restRequest name="Run Describe" id="32032006-516c-4a0b-9217-19aacd0c6287" mediaType="application/json">
        <con:settings>
          <con:setting id="com.eviware.soapui.impl.wsdl.WsdlRequest@request-headers">&lt;xml-fragment/></con:setting>
        </con:settings>
        <con:request/>
        <con:originalUri>https://dev6v12.cmic.ca/cmicdevv12/ap-rest-api/rest/1/describe</con:originalUri>
        <con:assertion type="Valid HTTP Status Codes" id="614947ee-234c-4eab-850b-6539c5f25774" name="Valid HTTP Status Codes">
          <con:settings/>
          <con:configuration>
            <codes>200</codes>
          </con:configuration>
        </con:assertion>
        <con:credentials>
          <con:selectedAuthProfile>No Authorization</con:selectedAuthProfile>
          <con:authType>No Authorization</con:authType>
        </con:credentials>
        <con:jmsConfig JMSDeliveryMode="PERSISTENT"/>
        <con:parameters/>
        <con:environmentSpec>
          <con:entry environmentId="f45da016-e89f-4ef5-a164-f6dac2122c4b">
            <con:authProfile>DEVV12C</con:authProfile>
          </con:entry>
          <con:entry environmentId="be05f277-f412-40b8-9fac-98c834ba0807">
            <con:authProfile>Navjot TestRail</con:authProfile>
          </con:entry>
        </con:environmentSpec>
      </con:restRequest>
    </con:config>
  </con:testStep>
  <con:testStep type="groovy" name="Check Webservice Existence" id="5034033a-ca90-47e5-a862-b5bf036cb973">
    <con:settings/>
    <con:config>
      <script>def result = context.expand( '${Run Describe#Response#$[\'Resources\'][\'arinvoice\']}' )
if(result == "") {
	testRunner.cancel("Webservice not available in current version")
}</script>
    </con:config>
  </con:testStep>
  <con:testStep type="restrequest" name="GET All Invoices" id="b5bb6ecd-6d42-4555-a40c-e986c944b461">
    <con:settings/>
    <con:config service="Accounts Receivable APIs" resourcePath="/ar-rest-api/rest/1/arinvoice" methodName="GET" xsi:type="con:RestRequestStep" xmlns:xsi="http://www.w3.org/2001/XMLSchema-instance">
      <con:restRequest name="GET All Invoices" id="5a3f73a1-a535-417f-acb7-9f7807fe6105" mediaType="application/json">
        <con:settings>
          <con:setting id="com.eviware.soapui.impl.wsdl.WsdlRequest@request-headers">&lt;xml-fragment/></con:setting>
        </con:settings>
        <con:request/>
        <con:originalUri>https://mobtest.cmiccloudr12.com/cmictestrti/ar-rest-api/rest/1/arinvoice</con:originalUri>
        <con:assertion type="Valid HTTP Status Codes" name="Valid HTTP Status Codes" id="5653cb60-a76f-4526-b2f1-fcba9c446a2c">
          <con:settings/>
          <con:configuration>
            <codes>200</codes>
          </con:configuration>
        </con:assertion>
        <con:credentials>
          <con:selectedAuthProfile>No Authorization</con:selectedAuthProfile>
          <con:authType>No Authorization</con:authType>
        </con:credentials>
        <con:jmsConfig JMSDeliveryMode="PERSISTENT"/>
        <con:parameters/>
        <con:parameterOrder/>
        <con:environmentSpec>
          <con:entry environmentId="b7c79163-2fb5-4fa0-876b-864d3dceacc1">
            <con:authProfile>Inherit From Parent</con:authProfile>
          </con:entry>
          <con:entry environmentId="8212ef4e-a6b6-45f2-9c42-cd4a038b3f71">
            <con:authProfile>UPG RTI</con:authProfile>
          </con:entry>
          <con:entry environmentId="1dd2a03d-6d25-430a-89db-a9ce77f9626b">
            <con:authProfile>UPG TEST</con:authProfile>
          </con:entry>
          <con:entry environmentId="a96c0cbb-7368-4fbb-91cd-1e585b2cb0d4">
            <con:authProfile>Docusign</con:authProfile>
          </con:entry>
          <con:entry environmentId="d3771eee-0e21-4af1-8002-7042f658988f">
            <con:authProfile>UPG PROD</con:authProfile>
          </con:entry>
          <con:entry environmentId="94944b19-d3a9-4a03-aa6e-a6974b62f8ec">
            <con:authProfile>UPG TEST</con:authProfile>
          </con:entry>
          <con:entry environmentId="ff030b5a-f2fe-4444-b1d7-d7f8d358d0f4">
            <con:authProfile>Docusign</con:authProfile>
          </con:entry>
          <con:entry environmentId="f45da016-e89f-4ef5-a164-f6dac2122c4b">
            <con:authProfile>DEVV12C</con:authProfile>
          </con:entry>
          <con:entry environmentId="279d2e39-5a32-454b-95f0-b9aa8c9cde42">
            <con:authProfile>Docusign</con:authProfile>
          </con:entry>
          <con:entry environmentId="2d1ef8d3-13f7-41bc-b36d-a0472a3c0009">
            <con:authProfile>Docusign</con:authProfile>
          </con:entry>
          <con:entry environmentId="be05f277-f412-40b8-9fac-98c834ba0807">
            <con:authProfile>Navjot TestRail</con:authProfile>
          </con:entry>
        </con:environmentSpec>
      </con:restRequest>
    </con:config>
  </con:testStep>
  <con:testStep type="restrequest" name="POST New Invoice" id="4b9bab87-4030-4dff-a987-e9ba4056e7b6">
    <con:settings/>
    <con:config service="Accounts Receivable APIs" resourcePath="/ar-rest-api/rest/1/arinvoice" methodName="POST" xsi:type="con:RestRequestStep" xmlns:xsi="http://www.w3.org/2001/XMLSchema-instance">
      <con:restRequest name="POST New Invoice" id="d9069e24-781d-477e-b899-19d7fba45c94" mediaType="application/vnd.oracle.adf.resourceitem+json" postQueryString="false">
        <con:settings>
          <con:setting id="com.eviware.soapui.impl.wsdl.WsdlRequest@request-headers">&lt;xml-fragment/></con:setting>
        </con:settings>
        <con:request>{
    "InvCustCode": "${#Project#Customer}",
    "InvNum": "RSTEST100",
    "InvDate": "${#Project#CurrDate}",
    "InvSalesAmt": "100",
    "InvCompCode": "${#Project#Company}",
    "InvDueDate": "${#Project#CurrDate}",
    "InvDiscDate": "${#Project#CurrDate}",
    "InvCurrCode": "${#Project#Currency}",
    "InvCollCode": "${#Project#CollCode}",
    "InvChargeCode": "IR1",
    "InvVUuid": ""
}</con:request>
        <con:originalUri>https://mobtest.cmiccloudr12.com/cmictestrti/ar-rest-api/rest/1/arinvoice</con:originalUri>
        <con:assertion type="Valid HTTP Status Codes" id="c00cdcf7-b208-4423-bbb7-5988f524f492" name="Valid HTTP Status Codes">
          <con:settings/>
          <con:configuration>
            <codes>201</codes>
          </con:configuration>
        </con:assertion>
        <con:credentials>
          <con:selectedAuthProfile>Inherit From Parent</con:selectedAuthProfile>
          <con:authType>No Authorization</con:authType>
        </con:credentials>
        <con:jmsConfig JMSDeliveryMode="PERSISTENT"/>
        <con:parameters/>
        <con:environmentSpec>
          <con:entry environmentId="9bbcf249-7adc-40ca-9101-c059bab52fe5">
            <con:authProfile>UPG RTI</con:authProfile>
          </con:entry>
          <con:entry environmentId="b7c79163-2fb5-4fa0-876b-864d3dceacc1">
            <con:authProfile>Inherit From Parent</con:authProfile>
          </con:entry>
          <con:entry environmentId="8212ef4e-a6b6-45f2-9c42-cd4a038b3f71">
            <con:authProfile>UPG RTI</con:authProfile>
          </con:entry>
          <con:entry environmentId="1dd2a03d-6d25-430a-89db-a9ce77f9626b">
            <con:authProfile>UPG TEST</con:authProfile>
          </con:entry>
          <con:entry environmentId="a96c0cbb-7368-4fbb-91cd-1e585b2cb0d4">
            <con:authProfile>Docusign</con:authProfile>
          </con:entry>
          <con:entry environmentId="d3771eee-0e21-4af1-8002-7042f658988f">
            <con:authProfile>UPG PROD</con:authProfile>
          </con:entry>
          <con:entry environmentId="94944b19-d3a9-4a03-aa6e-a6974b62f8ec">
            <con:authProfile>UPG TEST</con:authProfile>
          </con:entry>
          <con:entry environmentId="ff030b5a-f2fe-4444-b1d7-d7f8d358d0f4">
            <con:authProfile>Docusign</con:authProfile>
          </con:entry>
          <con:entry environmentId="f45da016-e89f-4ef5-a164-f6dac2122c4b">
            <con:authProfile>DEVV12C</con:authProfile>
          </con:entry>
          <con:entry environmentId="279d2e39-5a32-454b-95f0-b9aa8c9cde42">
            <con:authProfile>Docusign</con:authProfile>
          </con:entry>
          <con:entry environmentId="2d1ef8d3-13f7-41bc-b36d-a0472a3c0009">
            <con:authProfile>Docusign</con:authProfile>
          </con:entry>
          <con:entry environmentId="be05f277-f412-40b8-9fac-98c834ba0807">
            <con:authProfile>Navjot TestRail</con:authProfile>
          </con:entry>
        </con:environmentSpec>
      </con:restRequest>
    </con:config>
  </con:testStep>
  <con:testStep type="restrequest" name="GET Invoice via ArInvoiceFinder" id="4d0361e3-7fba-4bec-81ea-42798897d469">
    <con:settings/>
    <con:config service="Accounts Receivable APIs" resourcePath="/ar-rest-api/rest/1/arinvoice" methodName="GET" xsi:type="con:RestRequestStep" xmlns:xsi="http://www.w3.org/2001/XMLSchema-instance">
      <con:restRequest name="GET Invoice via ArInvoiceFinder" id="5a3f73a1-a535-417f-acb7-9f7807fe6105" mediaType="application/json">
        <con:settings>
          <con:setting id="com.eviware.soapui.impl.wsdl.WsdlRequest@request-headers">&lt;xml-fragment/></con:setting>
        </con:settings>
        <con:request/>
        <con:originalUri>https://mobtest.cmiccloudr12.com/cmictestrti/ar-rest-api/rest/1/arinvoice</con:originalUri>
        <con:assertion type="Valid HTTP Status Codes" name="Valid HTTP Status Codes" id="1459fcae-6d20-4acf-bd34-c90679d3a9c2">
          <con:settings/>
          <con:configuration>
            <codes>200</codes>
          </con:configuration>
        </con:assertion>
        <con:credentials>
          <con:selectedAuthProfile>No Authorization</con:selectedAuthProfile>
          <con:authType>No Authorization</con:authType>
        </con:credentials>
        <con:jmsConfig JMSDeliveryMode="PERSISTENT"/>
        <con:parameters/>
        <con:parameterOrder/>
        <con:environmentSpec>
          <con:entry environmentId="b7c79163-2fb5-4fa0-876b-864d3dceacc1">
            <con:authProfile>Inherit From Parent</con:authProfile>
          </con:entry>
          <con:entry environmentId="8212ef4e-a6b6-45f2-9c42-cd4a038b3f71">
            <con:authProfile>UPG RTI</con:authProfile>
          </con:entry>
          <con:entry environmentId="1dd2a03d-6d25-430a-89db-a9ce77f9626b">
            <con:authProfile>UPG TEST</con:authProfile>
          </con:entry>
          <con:entry environmentId="a96c0cbb-7368-4fbb-91cd-1e585b2cb0d4">
            <con:authProfile>Docusign</con:authProfile>
          </con:entry>
          <con:entry environmentId="d3771eee-0e21-4af1-8002-7042f658988f">
            <con:authProfile>UPG PROD</con:authProfile>
          </con:entry>
          <con:entry environmentId="94944b19-d3a9-4a03-aa6e-a6974b62f8ec">
            <con:authProfile>UPG TEST</con:authProfile>
          </con:entry>
          <con:entry environmentId="ff030b5a-f2fe-4444-b1d7-d7f8d358d0f4">
            <con:authProfile>Docusign</con:authProfile>
          </con:entry>
          <con:entry environmentId="f45da016-e89f-4ef5-a164-f6dac2122c4b">
            <con:authProfile>DEVV12C</con:authProfile>
          </con:entry>
          <con:entry environmentId="279d2e39-5a32-454b-95f0-b9aa8c9cde42">
            <con:authProfile>Docusign</con:authProfile>
          </con:entry>
          <con:entry environmentId="2d1ef8d3-13f7-41bc-b36d-a0472a3c0009">
            <con:authProfile>Docusign</con:authProfile>
          </con:entry>
          <con:entry environmentId="be05f277-f412-40b8-9fac-98c834ba0807">
            <con:authProfile>Navjot TestRail</con:authProfile>
          </con:entry>
        </con:environmentSpec>
      </con:restRequest>
    </con:config>
  </con:testStep>
  <con:testStep type="restrequest" name="PATCH Invoice" id="9c2371dc-7e49-43d3-8fc0-d062d907373b">
    <con:settings/>
    <con:config service="Accounts Receivable APIs" resourcePath="/ar-rest-api/rest/1/arinvoice/{Vuuid}" methodName="PATCH" xsi:type="con:RestRequestStep" xmlns:xsi="http://www.w3.org/2001/XMLSchema-instance">
      <con:restRequest name="PATCH Invoice" id="722e8bda-246b-453c-b0bb-de1506f5eba3" mediaType="application/vnd.oracle.adf.resourceitem+json" postQueryString="false">
        <con:settings>
          <con:setting id="com.eviware.soapui.impl.wsdl.WsdlRequest@request-headers">&lt;xml-fragment/></con:setting>
        </con:settings>
        <con:request>{
	"InvDesc2" : "test123"
}</con:request>
        <con:originalUri>https://mobtest.cmiccloudr12.com/cmictestrti/ar-rest-api/rest/1/arinvoice/B41F554483F4A908E053B08610AC2C73</con:originalUri>
        <con:assertion type="Valid HTTP Status Codes" name="Valid HTTP Status Codes" id="5c64142c-8d0b-4f45-bab2-da56a8585d64">
          <con:settings/>
          <con:configuration>
            <codes>200</codes>
          </con:configuration>
        </con:assertion>
        <con:credentials>
          <con:selectedAuthProfile>Inherit From Parent</con:selectedAuthProfile>
          <con:authType>No Authorization</con:authType>
        </con:credentials>
        <con:jmsConfig JMSDeliveryMode="PERSISTENT"/>
        <con:parameters>
          <con:entry key="Uuid" value="${POST New Invoice#Response#$['InvVUuid']}"/>
        </con:parameters>
        <con:parameterOrder>
          <con:entry>Uuid</con:entry>
        </con:parameterOrder>
        <con:environmentSpec>
          <con:entry environmentId="9bbcf249-7adc-40ca-9101-c059bab52fe5">
            <con:authProfile>UPG RTI</con:authProfile>
          </con:entry>
          <con:entry environmentId="b7c79163-2fb5-4fa0-876b-864d3dceacc1">
            <con:authProfile>Inherit From Parent</con:authProfile>
          </con:entry>
          <con:entry environmentId="8212ef4e-a6b6-45f2-9c42-cd4a038b3f71">
            <con:authProfile>UPG RTI</con:authProfile>
          </con:entry>
          <con:entry environmentId="1dd2a03d-6d25-430a-89db-a9ce77f9626b">
            <con:authProfile>UPG TEST</con:authProfile>
          </con:entry>
          <con:entry environmentId="a96c0cbb-7368-4fbb-91cd-1e585b2cb0d4">
            <con:authProfile>Docusign</con:authProfile>
          </con:entry>
          <con:entry environmentId="d3771eee-0e21-4af1-8002-7042f658988f">
            <con:authProfile>UPG PROD</con:authProfile>
          </con:entry>
          <con:entry environmentId="94944b19-d3a9-4a03-aa6e-a6974b62f8ec">
            <con:authProfile>UPG TEST</con:authProfile>
          </con:entry>
          <con:entry environmentId="ff030b5a-f2fe-4444-b1d7-d7f8d358d0f4">
            <con:authProfile>Docusign</con:authProfile>
          </con:entry>
          <con:entry environmentId="f45da016-e89f-4ef5-a164-f6dac2122c4b">
            <con:authProfile>DEVV12C</con:authProfile>
          </con:entry>
          <con:entry environmentId="279d2e39-5a32-454b-95f0-b9aa8c9cde42">
            <con:authProfile>Docusign</con:authProfile>
          </con:entry>
          <con:entry environmentId="2d1ef8d3-13f7-41bc-b36d-a0472a3c0009">
            <con:authProfile>Docusign</con:authProfile>
          </con:entry>
          <con:entry environmentId="be05f277-f412-40b8-9fac-98c834ba0807">
            <con:authProfile>Navjot TestRail</con:authProfile>
          </con:entry>
        </con:environmentSpec>
      </con:restRequest>
    </con:config>
  </con:testStep>
  <con:testStep type="restrequest" name="GET Invoice via Uuid" id="fb925421-b50a-4739-99e5-2b57dc2c0183">
    <con:settings/>
    <con:config service="Accounts Receivable APIs" resourcePath="/ar-rest-api/rest/1/arinvoice/{Vuuid}" methodName="GET" xsi:type="con:RestRequestStep" xmlns:xsi="http://www.w3.org/2001/XMLSchema-instance">
      <con:restRequest name="GET Invoice via Uuid" id="bfced56d-9684-4bc7-8b28-4f053f1b52fc" mediaType="application/json">
        <con:settings>
          <con:setting id="com.eviware.soapui.impl.wsdl.WsdlRequest@request-headers">&lt;xml-fragment/></con:setting>
        </con:settings>
        <con:request/>
        <con:originalUri>https://mobtest.cmiccloudr12.com/cmictestrti/ar-rest-api/rest/1/arinvoice/B41F55441D75A908E053B08610AC2C73</con:originalUri>
        <con:assertion type="Valid HTTP Status Codes" name="Valid HTTP Status Codes" id="a8ba38c1-faac-4898-a7d6-a5eb56ca7af2">
          <con:settings/>
          <con:configuration>
            <codes>200</codes>
          </con:configuration>
        </con:assertion>
        <con:credentials>
          <con:selectedAuthProfile>Inherit From Parent</con:selectedAuthProfile>
          <con:authType>No Authorization</con:authType>
        </con:credentials>
        <con:jmsConfig JMSDeliveryMode="PERSISTENT"/>
        <con:parameters>
          <con:entry key="Uuid" value="${POST New Invoice#Response#$['InvVUuid']}"/>
        </con:parameters>
        <con:parameterOrder>
          <con:entry>Uuid</con:entry>
        </con:parameterOrder>
        <con:environmentSpec>
          <con:entry environmentId="9bbcf249-7adc-40ca-9101-c059bab52fe5">
            <con:authProfile>UPG RTI</con:authProfile>
          </con:entry>
          <con:entry environmentId="b7c79163-2fb5-4fa0-876b-864d3dceacc1">
            <con:authProfile>Inherit From Parent</con:authProfile>
          </con:entry>
          <con:entry environmentId="8212ef4e-a6b6-45f2-9c42-cd4a038b3f71">
            <con:authProfile>UPG RTI</con:authProfile>
          </con:entry>
          <con:entry environmentId="1dd2a03d-6d25-430a-89db-a9ce77f9626b">
            <con:authProfile>UPG TEST</con:authProfile>
          </con:entry>
          <con:entry environmentId="a96c0cbb-7368-4fbb-91cd-1e585b2cb0d4">
            <con:authProfile>Docusign</con:authProfile>
          </con:entry>
          <con:entry environmentId="d3771eee-0e21-4af1-8002-7042f658988f">
            <con:authProfile>UPG PROD</con:authProfile>
          </con:entry>
          <con:entry environmentId="94944b19-d3a9-4a03-aa6e-a6974b62f8ec">
            <con:authProfile>UPG TEST</con:authProfile>
          </con:entry>
          <con:entry environmentId="ff030b5a-f2fe-4444-b1d7-d7f8d358d0f4">
            <con:authProfile>Docusign</con:authProfile>
          </con:entry>
          <con:entry environmentId="f45da016-e89f-4ef5-a164-f6dac2122c4b">
            <con:authProfile>DEVV12C</con:authProfile>
          </con:entry>
          <con:entry environmentId="279d2e39-5a32-454b-95f0-b9aa8c9cde42">
            <con:authProfile>Docusign</con:authProfile>
          </con:entry>
          <con:entry environmentId="2d1ef8d3-13f7-41bc-b36d-a0472a3c0009">
            <con:authProfile>Docusign</con:authProfile>
          </con:entry>
          <con:entry environmentId="be05f277-f412-40b8-9fac-98c834ba0807">
            <con:authProfile>Navjot TestRail</con:authProfile>
          </con:entry>
        </con:environmentSpec>
      </con:restRequest>
    </con:config>
  </con:testStep>
  <con:testStep type="restrequest" name="DELETE Invoice" id="f34c1b28-4774-421d-8ebb-59be2551f779">
    <con:settings/>
    <con:config service="Accounts Receivable APIs" resourcePath="/ar-rest-api/rest/1/arinvoice/{Vuuid}" methodName="DELETE" xsi:type="con:RestRequestStep" xmlns:xsi="http://www.w3.org/2001/XMLSchema-instance">
      <con:restRequest name="DELETE Invoice" id="2a26fab1-cbd6-4ca7-98f6-e209b3c0f7ad" mediaType="application/json" postQueryString="false">
        <con:settings>
          <con:setting id="com.eviware.soapui.impl.wsdl.WsdlRequest@request-headers">&lt;xml-fragment/></con:setting>
        </con:settings>
        <con:request/>
        <con:originalUri>https://mobtest.cmiccloudr12.com/cmictestrti/ar-rest-api/rest/1/arinvoice/B41F554483F4A908E053B08610AC2C73</con:originalUri>
        <con:assertion type="Valid HTTP Status Codes" id="3f844e2a-bbd5-4f69-a7f3-65062b86b0b9" name="Valid HTTP Status Codes">
          <con:settings/>
          <con:configuration>
            <codes>204</codes>
          </con:configuration>
        </con:assertion>
        <con:credentials>
          <con:selectedAuthProfile>No Authorization</con:selectedAuthProfile>
          <con:authType>No Authorization</con:authType>
        </con:credentials>
        <con:jmsConfig JMSDeliveryMode="PERSISTENT"/>
        <con:parameters>
          <con:entry key="Uuid" value="${POST New Invoice#Response#$['InvVUuid']}"/>
        </con:parameters>
        <con:parameterOrder>
          <con:entry>Uuid</con:entry>
        </con:parameterOrder>
        <con:environmentSpec>
          <con:entry environmentId="b7c79163-2fb5-4fa0-876b-864d3dceacc1">
            <con:authProfile>Inherit From Parent</con:authProfile>
          </con:entry>
          <con:entry environmentId="8212ef4e-a6b6-45f2-9c42-cd4a038b3f71">
            <con:authProfile>UPG RTI</con:authProfile>
          </con:entry>
          <con:entry environmentId="1dd2a03d-6d25-430a-89db-a9ce77f9626b">
            <con:authProfile>UPG TEST</con:authProfile>
          </con:entry>
          <con:entry environmentId="a96c0cbb-7368-4fbb-91cd-1e585b2cb0d4">
            <con:authProfile>Docusign</con:authProfile>
          </con:entry>
          <con:entry environmentId="d3771eee-0e21-4af1-8002-7042f658988f">
            <con:authProfile>UPG PROD</con:authProfile>
          </con:entry>
          <con:entry environmentId="94944b19-d3a9-4a03-aa6e-a6974b62f8ec">
            <con:authProfile>UPG TEST</con:authProfile>
          </con:entry>
          <con:entry environmentId="ff030b5a-f2fe-4444-b1d7-d7f8d358d0f4">
            <con:authProfile>Docusign</con:authProfile>
          </con:entry>
          <con:entry environmentId="f45da016-e89f-4ef5-a164-f6dac2122c4b">
            <con:authProfile>DEVV12C</con:authProfile>
          </con:entry>
          <con:entry environmentId="279d2e39-5a32-454b-95f0-b9aa8c9cde42">
            <con:authProfile>Docusign</con:authProfile>
          </con:entry>
          <con:entry environmentId="2d1ef8d3-13f7-41bc-b36d-a0472a3c0009">
            <con:authProfile>Docusign</con:authProfile>
          </con:entry>
          <con:entry environmentId="be05f277-f412-40b8-9fac-98c834ba0807">
            <con:authProfile>Navjot TestRail</con:authProfile>
          </con:entry>
        </con:environmentSpec>
      </con:restRequest>
    </con:config>
  </con:testStep>
  <con:testStep type="restrequest" name="GET Invoice via Uuid - Ensure Deletion" id="530ad625-0621-444e-84a4-83dbf5d607c8">
    <con:settings/>
    <con:config service="Accounts Receivable APIs" resourcePath="/ar-rest-api/rest/1/arinvoice/{Vuuid}" methodName="GET" xsi:type="con:RestRequestStep" xmlns:xsi="http://www.w3.org/2001/XMLSchema-instance">
      <con:restRequest name="GET Invoice via Uuid - Ensure Deletion" id="bfced56d-9684-4bc7-8b28-4f053f1b52fc" mediaType="application/json">
        <con:settings>
          <con:setting id="com.eviware.soapui.impl.wsdl.WsdlRequest@request-headers">&lt;xml-fragment/></con:setting>
        </con:settings>
        <con:request/>
        <con:originalUri>https://mobtest.cmiccloudr12.com/cmictestrti/ar-rest-api/rest/1/arinvoice/B41F55441D75A908E053B08610AC2C73</con:originalUri>
        <con:assertion type="Valid HTTP Status Codes" name="Valid HTTP Status Codes" id="a8ba38c1-faac-4898-a7d6-a5eb56ca7af2">
          <con:settings/>
          <con:configuration>
            <codes>404</codes>
          </con:configuration>
        </con:assertion>
        <con:credentials>
          <con:selectedAuthProfile>Inherit From Parent</con:selectedAuthProfile>
          <con:authType>No Authorization</con:authType>
        </con:credentials>
        <con:jmsConfig JMSDeliveryMode="PERSISTENT"/>
        <con:parameters>
          <con:entry key="Uuid" value="${POST New Invoice#Response#$['InvVUuid']}"/>
        </con:parameters>
        <con:parameterOrder>
          <con:entry>Uuid</con:entry>
        </con:parameterOrder>
        <con:environmentSpec>
          <con:entry environmentId="9bbcf249-7adc-40ca-9101-c059bab52fe5">
            <con:authProfile>UPG RTI</con:authProfile>
          </con:entry>
          <con:entry environmentId="b7c79163-2fb5-4fa0-876b-864d3dceacc1">
            <con:authProfile>Inherit From Parent</con:authProfile>
          </con:entry>
          <con:entry environmentId="8212ef4e-a6b6-45f2-9c42-cd4a038b3f71">
            <con:authProfile>UPG RTI</con:authProfile>
          </con:entry>
          <con:entry environmentId="1dd2a03d-6d25-430a-89db-a9ce77f9626b">
            <con:authProfile>UPG TEST</con:authProfile>
          </con:entry>
          <con:entry environmentId="a96c0cbb-7368-4fbb-91cd-1e585b2cb0d4">
            <con:authProfile>Docusign</con:authProfile>
          </con:entry>
          <con:entry environmentId="d3771eee-0e21-4af1-8002-7042f658988f">
            <con:authProfile>UPG PROD</con:authProfile>
          </con:entry>
          <con:entry environmentId="94944b19-d3a9-4a03-aa6e-a6974b62f8ec">
            <con:authProfile>UPG TEST</con:authProfile>
          </con:entry>
          <con:entry environmentId="ff030b5a-f2fe-4444-b1d7-d7f8d358d0f4">
            <con:authProfile>Docusign</con:authProfile>
          </con:entry>
          <con:entry environmentId="f45da016-e89f-4ef5-a164-f6dac2122c4b">
            <con:authProfile>DEVV12C</con:authProfile>
          </con:entry>
          <con:entry environmentId="279d2e39-5a32-454b-95f0-b9aa8c9cde42">
            <con:authProfile>Docusign</con:authProfile>
          </con:entry>
          <con:entry environmentId="2d1ef8d3-13f7-41bc-b36d-a0472a3c0009">
            <con:authProfile>Docusign</con:authProfile>
          </con:entry>
          <con:entry environmentId="be05f277-f412-40b8-9fac-98c834ba0807">
            <con:authProfile>Navjot TestRail</con:authProfile>
          </con:entry>
        </con:environmentSpec>
      </con:restRequest>
    </con:config>
  </con:testStep>
  <con:properties/>
  <con:reportParameters/>
  <con:environmentSpec>
    <con:entry environmentId="b7c79163-2fb5-4fa0-876b-864d3dceacc1">
      <con:authProfile>Inherit From Parent</con:authProfile>
    </con:entry>
    <con:entry environmentId="a96c0cbb-7368-4fbb-91cd-1e585b2cb0d4">
      <con:authProfile>Inherit From Parent</con:authProfile>
    </con:entry>
    <con:entry environmentId="d3771eee-0e21-4af1-8002-7042f658988f">
      <con:authProfile>Inherit From Parent</con:authProfile>
    </con:entry>
    <con:entry environmentId="94944b19-d3a9-4a03-aa6e-a6974b62f8ec">
      <con:authProfile>Inherit From Parent</con:authProfile>
    </con:entry>
    <con:entry environmentId="ff030b5a-f2fe-4444-b1d7-d7f8d358d0f4">
      <con:authProfile>Inherit From Parent</con:authProfile>
    </con:entry>
    <con:entry environmentId="f45da016-e89f-4ef5-a164-f6dac2122c4b">
      <con:authProfile>Inherit From Parent</con:authProfile>
    </con:entry>
    <con:entry environmentId="279d2e39-5a32-454b-95f0-b9aa8c9cde42">
      <con:authProfile>Inherit From Parent</con:authProfile>
    </con:entry>
    <con:entry environmentId="2d1ef8d3-13f7-41bc-b36d-a0472a3c0009">
      <con:authProfile>Inherit From Parent</con:authProfile>
    </con:entry>
    <con:entry environmentId="be05f277-f412-40b8-9fac-98c834ba0807">
      <con:authProfile>Inherit From Parent</con:authProfile>
    </con:entry>
  </con:environmentSpec>
</con:testCase>
